2019-11-10 20:01:52,551 [Worker-0] INFO  o.e.m.c.i.l.LifecycleMappingFactory - Using org.eclipse.m2e.jdt.JarLifecycleMapping lifecycle mapping for MavenProject: fr.uvsq.OnlySoft:Compte:0.0.1-SNAPSHOT @ F:\Prog_Eclipse\nouveau\MavenCompteBancaire\Compte\pom.xml.
2019-11-10 20:01:52,551 [Worker-12] INFO  o.e.m.c.i.l.LifecycleMappingFactory - Using org.eclipse.m2e.jdt.JarLifecycleMapping lifecycle mapping for MavenProject: fr.uvsq.OnlySoft:Compte:0.0.1-SNAPSHOT @ F:\Prog_Eclipse\nouveau\MavenCompteBancaire\Compte\pom.xml.
2019-11-10 20:01:53,989 [Worker-12] INFO  o.e.m.c.i.embedder.EclipseLogger - Using 'UTF-8' encoding to copy filtered resources.
2019-11-10 20:01:53,989 [Worker-12] INFO  o.e.m.c.i.embedder.EclipseLogger - skip non existing resourceDirectory F:\Prog_Eclipse\nouveau\MavenCompteBancaire\Compte\src\main\resources
2019-11-10 20:01:54,003 [Worker-12] INFO  o.e.m.c.i.embedder.EclipseLogger - Using 'UTF-8' encoding to copy filtered resources.
2019-11-10 20:01:54,004 [Worker-12] INFO  o.e.m.c.i.embedder.EclipseLogger - skip non existing resourceDirectory F:\Prog_Eclipse\nouveau\MavenCompteBancaire\Compte\src\test\resources
2019-11-10 20:01:55,899 [Worker-14] INFO  o.e.m.c.i.embedder.EclipseLogger - Using 'UTF-8' encoding to copy filtered resources.
2019-11-10 20:01:55,900 [Worker-14] INFO  o.e.m.c.i.embedder.EclipseLogger - skip non existing resourceDirectory F:\Prog_Eclipse\nouveau\MavenCompteBancaire\Compte\src\main\resources
2019-11-10 20:01:56,450 [Worker-14] INFO  o.e.m.c.i.embedder.EclipseLogger - Using 'UTF-8' encoding to copy filtered resources.
2019-11-10 20:01:56,451 [Worker-14] INFO  o.e.m.c.i.embedder.EclipseLogger - skip non existing resourceDirectory F:\Prog_Eclipse\nouveau\MavenCompteBancaire\Compte\src\test\resources
2019-11-10 20:01:56,771 [Worker-13] INFO  o.e.m.c.i.l.LifecycleMappingFactory - Using org.eclipse.m2e.jdt.JarLifecycleMapping lifecycle mapping for MavenProject: fr.uvsq.OnlySoft:Compte:0.0.1-SNAPSHOT @ F:\Prog_Eclipse\nouveau\MavenCompteBancaire\Compte\pom.xml.
2019-11-10 20:01:57,908 [Worker-9] INFO  o.e.m.c.i.embedder.EclipseLogger - Using 'UTF-8' encoding to copy filtered resources.
2019-11-10 20:01:57,908 [Worker-9] INFO  o.e.m.c.i.embedder.EclipseLogger - skip non existing resourceDirectory F:\Prog_Eclipse\nouveau\MavenCompteBancaire\Compte\src\main\resources
2019-11-10 20:01:57,911 [Worker-9] INFO  o.e.m.c.i.embedder.EclipseLogger - Using 'UTF-8' encoding to copy filtered resources.
2019-11-10 20:01:57,911 [Worker-9] INFO  o.e.m.c.i.embedder.EclipseLogger - skip non existing resourceDirectory F:\Prog_Eclipse\nouveau\MavenCompteBancaire\Compte\src\test\resources
2019-11-10 20:25:10,930 [Worker-14] INFO  o.e.m.c.i.l.LifecycleMappingFactory - Using org.eclipse.m2e.jdt.JarLifecycleMapping lifecycle mapping for MavenProject: fr.uvsq.OnlySoft:Compte:0.0.1-SNAPSHOT @ F:\Prog_Eclipse\nouveau\MavenCompteBancaire\Compte\pom.xml.
2019-11-10 20:25:11,134 [Worker-14] INFO  o.e.m.c.i.embedder.EclipseLogger - Using 'UTF-8' encoding to copy filtered resources.
2019-11-10 20:25:11,135 [Worker-14] INFO  o.e.m.c.i.embedder.EclipseLogger - skip non existing resourceDirectory F:\Prog_Eclipse\nouveau\MavenCompteBancaire\Compte\src\main\resources
2019-11-10 20:25:11,137 [Worker-14] INFO  o.e.m.c.i.embedder.EclipseLogger - Using 'UTF-8' encoding to copy filtered resources.
2019-11-10 20:25:11,137 [Worker-14] INFO  o.e.m.c.i.embedder.EclipseLogger - skip non existing resourceDirectory F:\Prog_Eclipse\nouveau\MavenCompteBancaire\Compte\src\test\resources
2019-11-10 20:25:48,068 [Worker-19] INFO  o.e.m.c.i.l.LifecycleMappingFactory - Using org.eclipse.m2e.jdt.JarLifecycleMapping lifecycle mapping for MavenProject: fr.uvsq.OnlySoft:Compte:0.0.1-SNAPSHOT @ F:\Prog_Eclipse\nouveau\MavenCompteBancaire\Compte\pom.xml.
2019-11-10 20:25:48,258 [Worker-19] INFO  o.e.m.c.i.embedder.EclipseLogger - Using 'UTF-8' encoding to copy filtered resources.
2019-11-10 20:25:48,258 [Worker-19] INFO  o.e.m.c.i.embedder.EclipseLogger - skip non existing resourceDirectory F:\Prog_Eclipse\nouveau\MavenCompteBancaire\Compte\src\main\resources
2019-11-10 20:25:48,260 [Worker-19] INFO  o.e.m.c.i.embedder.EclipseLogger - Using 'UTF-8' encoding to copy filtered resources.
2019-11-10 20:25:48,260 [Worker-19] INFO  o.e.m.c.i.embedder.EclipseLogger - skip non existing resourceDirectory F:\Prog_Eclipse\nouveau\MavenCompteBancaire\Compte\src\test\resources
2019-11-10 20:37:29,530 [Worker-26] INFO  o.e.m.c.i.l.LifecycleMappingFactory - Using org.eclipse.m2e.jdt.JarLifecycleMapping lifecycle mapping for MavenProject: fr.uvsq.OnlySoft:Compte:0.0.1-SNAPSHOT @ F:\Prog_Eclipse\nouveau\MavenCompteBancaire\Compte\pom.xml.
2019-11-10 20:37:29,737 [Worker-26] INFO  o.e.m.c.i.embedder.EclipseLogger - Using 'UTF-8' encoding to copy filtered resources.
2019-11-10 20:37:29,737 [Worker-26] INFO  o.e.m.c.i.embedder.EclipseLogger - skip non existing resourceDirectory F:\Prog_Eclipse\nouveau\MavenCompteBancaire\Compte\src\main\resources
2019-11-10 20:37:29,740 [Worker-26] INFO  o.e.m.c.i.embedder.EclipseLogger - Using 'UTF-8' encoding to copy filtered resources.
2019-11-10 20:37:29,740 [Worker-26] INFO  o.e.m.c.i.embedder.EclipseLogger - skip non existing resourceDirectory F:\Prog_Eclipse\nouveau\MavenCompteBancaire\Compte\src\test\resources
2019-11-10 20:38:54,670 [Worker-25] INFO  o.e.m.c.i.embedder.EclipseLogger - Using 'UTF-8' encoding to copy filtered resources.
2019-11-10 20:38:54,673 [Worker-25] INFO  o.e.m.c.i.embedder.EclipseLogger - skip non existing resourceDirectory F:\Prog_Eclipse\nouveau\MavenCompteBancaire\Compte\src\main\resources
2019-11-10 20:38:54,674 [Worker-25] INFO  o.e.m.c.i.embedder.EclipseLogger - Using 'UTF-8' encoding to copy filtered resources.
2019-11-10 20:38:54,675 [Worker-25] INFO  o.e.m.c.i.embedder.EclipseLogger - skip non existing resourceDirectory F:\Prog_Eclipse\nouveau\MavenCompteBancaire\Compte\src\test\resources
2019-11-10 20:42:19,771 [Worker-31] INFO  o.e.m.c.i.l.LifecycleMappingFactory - Using org.eclipse.m2e.jdt.JarLifecycleMapping lifecycle mapping for MavenProject: fr.uvsq.OnlySoft:Compte:0.0.1-SNAPSHOT @ F:\Prog_Eclipse\nouveau\MavenCompteBancaire\Compte\pom.xml.
2019-11-10 20:42:20,007 [Worker-31] INFO  o.e.m.c.i.embedder.EclipseLogger - Using 'UTF-8' encoding to copy filtered resources.
2019-11-10 20:42:20,008 [Worker-31] INFO  o.e.m.c.i.embedder.EclipseLogger - skip non existing resourceDirectory F:\Prog_Eclipse\nouveau\MavenCompteBancaire\Compte\src\main\resources
2019-11-10 20:42:20,011 [Worker-31] INFO  o.e.m.c.i.embedder.EclipseLogger - Using 'UTF-8' encoding to copy filtered resources.
2019-11-10 20:42:20,011 [Worker-31] INFO  o.e.m.c.i.embedder.EclipseLogger - skip non existing resourceDirectory F:\Prog_Eclipse\nouveau\MavenCompteBancaire\Compte\src\test\resources
2019-11-10 20:48:14,291 [Worker-39] INFO  o.e.m.c.i.embedder.EclipseLogger - Using 'UTF-8' encoding to copy filtered resources.
2019-11-10 20:48:14,291 [Worker-39] INFO  o.e.m.c.i.embedder.EclipseLogger - skip non existing resourceDirectory F:\Prog_Eclipse\nouveau\MavenCompteBancaire\Compte\src\main\resources
2019-11-10 20:48:14,293 [Worker-39] INFO  o.e.m.c.i.embedder.EclipseLogger - Using 'UTF-8' encoding to copy filtered resources.
2019-11-10 20:48:14,294 [Worker-39] INFO  o.e.m.c.i.embedder.EclipseLogger - skip non existing resourceDirectory F:\Prog_Eclipse\nouveau\MavenCompteBancaire\Compte\src\test\resources
2019-11-10 20:49:29,862 [Worker-36] INFO  o.e.m.c.i.l.LifecycleMappingFactory - Using org.eclipse.m2e.jdt.JarLifecycleMapping lifecycle mapping for MavenProject: fr.uvsq.OnlySoft:Compte:0.0.1-SNAPSHOT @ F:\Prog_Eclipse\nouveau\MavenCompteBancaire\Compte\pom.xml.
2019-11-10 20:49:30,091 [Worker-36] INFO  o.e.m.c.i.embedder.EclipseLogger - Using 'UTF-8' encoding to copy filtered resources.
2019-11-10 20:49:30,092 [Worker-36] INFO  o.e.m.c.i.embedder.EclipseLogger - skip non existing resourceDirectory F:\Prog_Eclipse\nouveau\MavenCompteBancaire\Compte\src\main\resources
2019-11-10 20:49:30,095 [Worker-36] INFO  o.e.m.c.i.embedder.EclipseLogger - Using 'UTF-8' encoding to copy filtered resources.
2019-11-10 20:49:30,095 [Worker-36] INFO  o.e.m.c.i.embedder.EclipseLogger - skip non existing resourceDirectory F:\Prog_Eclipse\nouveau\MavenCompteBancaire\Compte\src\test\resources
2019-11-10 20:55:58,291 [Worker-36] INFO  o.e.m.c.i.l.LifecycleMappingFactory - Using org.eclipse.m2e.jdt.JarLifecycleMapping lifecycle mapping for MavenProject: fr.uvsq.OnlySoft:Compte:0.0.1-SNAPSHOT @ F:\Prog_Eclipse\nouveau\MavenCompteBancaire\Compte\pom.xml.
2019-11-10 20:55:58,565 [Worker-36] INFO  o.e.m.c.i.embedder.EclipseLogger - Using 'UTF-8' encoding to copy filtered resources.
2019-11-10 20:55:58,565 [Worker-36] INFO  o.e.m.c.i.embedder.EclipseLogger - skip non existing resourceDirectory F:\Prog_Eclipse\nouveau\MavenCompteBancaire\Compte\src\main\resources
2019-11-10 20:55:58,567 [Worker-36] INFO  o.e.m.c.i.embedder.EclipseLogger - Using 'UTF-8' encoding to copy filtered resources.
2019-11-10 20:55:58,568 [Worker-36] INFO  o.e.m.c.i.embedder.EclipseLogger - skip non existing resourceDirectory F:\Prog_Eclipse\nouveau\MavenCompteBancaire\Compte\src\test\resources
2019-11-10 20:56:26,269 [Worker-42] INFO  o.e.m.c.i.l.LifecycleMappingFactory - Using org.eclipse.m2e.jdt.JarLifecycleMapping lifecycle mapping for MavenProject: fr.uvsq.OnlySoft:Compte:0.0.1-SNAPSHOT @ F:\Prog_Eclipse\nouveau\MavenCompteBancaire\Compte\pom.xml.
2019-11-10 20:56:26,506 [Worker-42] INFO  o.e.m.c.i.embedder.EclipseLogger - Using 'UTF-8' encoding to copy filtered resources.
2019-11-10 20:56:26,506 [Worker-42] INFO  o.e.m.c.i.embedder.EclipseLogger - skip non existing resourceDirectory F:\Prog_Eclipse\nouveau\MavenCompteBancaire\Compte\src\main\resources
2019-11-10 20:56:26,509 [Worker-42] INFO  o.e.m.c.i.embedder.EclipseLogger - Using 'UTF-8' encoding to copy filtered resources.
2019-11-10 20:56:26,509 [Worker-42] INFO  o.e.m.c.i.embedder.EclipseLogger - skip non existing resourceDirectory F:\Prog_Eclipse\nouveau\MavenCompteBancaire\Compte\src\test\resources
2019-11-10 20:57:25,609 [Worker-37] INFO  o.e.m.c.i.l.LifecycleMappingFactory - Using org.eclipse.m2e.jdt.JarLifecycleMapping lifecycle mapping for MavenProject: fr.uvsq.OnlySoft:Compte:0.0.1-SNAPSHOT @ F:\Prog_Eclipse\nouveau\MavenCompteBancaire\Compte\pom.xml.
2019-11-10 20:57:25,833 [Worker-37] INFO  o.e.m.c.i.embedder.EclipseLogger - Using 'UTF-8' encoding to copy filtered resources.
2019-11-10 20:57:25,833 [Worker-37] INFO  o.e.m.c.i.embedder.EclipseLogger - skip non existing resourceDirectory F:\Prog_Eclipse\nouveau\MavenCompteBancaire\Compte\src\main\resources
2019-11-10 20:57:25,835 [Worker-37] INFO  o.e.m.c.i.embedder.EclipseLogger - Using 'UTF-8' encoding to copy filtered resources.
2019-11-10 20:57:25,836 [Worker-37] INFO  o.e.m.c.i.embedder.EclipseLogger - skip non existing resourceDirectory F:\Prog_Eclipse\nouveau\MavenCompteBancaire\Compte\src\test\resources
2019-11-10 20:57:27,456 [Worker-25] INFO  o.e.m.c.i.embedder.EclipseLogger - Using 'UTF-8' encoding to copy filtered resources.
2019-11-10 20:57:27,456 [Worker-25] INFO  o.e.m.c.i.embedder.EclipseLogger - skip non existing resourceDirectory F:\Prog_Eclipse\nouveau\MavenCompteBancaire\Compte\src\main\resources
2019-11-10 20:57:27,457 [Worker-25] INFO  o.e.m.c.i.embedder.EclipseLogger - Using 'UTF-8' encoding to copy filtered resources.
2019-11-10 20:57:27,458 [Worker-25] INFO  o.e.m.c.i.embedder.EclipseLogger - skip non existing resourceDirectory F:\Prog_Eclipse\nouveau\MavenCompteBancaire\Compte\src\test\resources
2019-11-10 20:59:05,364 [Worker-38] INFO  o.e.m.c.i.embedder.EclipseLogger - Using 'UTF-8' encoding to copy filtered resources.
2019-11-10 20:59:05,365 [Worker-38] INFO  o.e.m.c.i.embedder.EclipseLogger - skip non existing resourceDirectory F:\Prog_Eclipse\nouveau\MavenCompteBancaire\Compte\src\main\resources
2019-11-10 20:59:05,366 [Worker-38] INFO  o.e.m.c.i.embedder.EclipseLogger - Using 'UTF-8' encoding to copy filtered resources.
2019-11-10 20:59:05,366 [Worker-38] INFO  o.e.m.c.i.embedder.EclipseLogger - skip non existing resourceDirectory F:\Prog_Eclipse\nouveau\MavenCompteBancaire\Compte\src\test\resources
2019-11-10 21:00:14,216 [Worker-37] INFO  o.e.m.c.i.l.LifecycleMappingFactory - Using org.eclipse.m2e.jdt.JarLifecycleMapping lifecycle mapping for MavenProject: fr.uvsq.OnlySoft:Compte:0.0.1-SNAPSHOT @ F:\Prog_Eclipse\nouveau\MavenCompteBancaire\Compte\pom.xml.
2019-11-10 21:00:14,449 [Worker-37] INFO  o.e.m.c.i.embedder.EclipseLogger - Using 'UTF-8' encoding to copy filtered resources.
2019-11-10 21:00:14,450 [Worker-37] INFO  o.e.m.c.i.embedder.EclipseLogger - skip non existing resourceDirectory F:\Prog_Eclipse\nouveau\MavenCompteBancaire\Compte\src\main\resources
2019-11-10 21:00:14,452 [Worker-37] INFO  o.e.m.c.i.embedder.EclipseLogger - Using 'UTF-8' encoding to copy filtered resources.
2019-11-10 21:00:14,452 [Worker-37] INFO  o.e.m.c.i.embedder.EclipseLogger - skip non existing resourceDirectory F:\Prog_Eclipse\nouveau\MavenCompteBancaire\Compte\src\test\resources
2019-11-10 21:04:18,959 [Worker-25] INFO  o.e.m.c.i.l.LifecycleMappingFactory - Using org.eclipse.m2e.jdt.JarLifecycleMapping lifecycle mapping for MavenProject: fr.uvsq.OnlySoft:Compte:0.0.1-SNAPSHOT @ F:\Prog_Eclipse\nouveau\MavenCompteBancaire\Compte\pom.xml.
2019-11-10 21:04:19,230 [Worker-25] INFO  o.e.m.c.i.embedder.EclipseLogger - Using 'UTF-8' encoding to copy filtered resources.
2019-11-10 21:04:19,230 [Worker-25] INFO  o.e.m.c.i.embedder.EclipseLogger - skip non existing resourceDirectory F:\Prog_Eclipse\nouveau\MavenCompteBancaire\Compte\src\main\resources
2019-11-10 21:04:19,233 [Worker-25] INFO  o.e.m.c.i.embedder.EclipseLogger - Using 'UTF-8' encoding to copy filtered resources.
2019-11-10 21:04:19,233 [Worker-25] INFO  o.e.m.c.i.embedder.EclipseLogger - skip non existing resourceDirectory F:\Prog_Eclipse\nouveau\MavenCompteBancaire\Compte\src\test\resources
2019-11-10 21:05:19,082 [Worker-37] INFO  o.e.m.c.i.l.LifecycleMappingFactory - Using org.eclipse.m2e.jdt.JarLifecycleMapping lifecycle mapping for MavenProject: fr.uvsq.OnlySoft:Compte:0.0.1-SNAPSHOT @ F:\Prog_Eclipse\nouveau\MavenCompteBancaire\Compte\pom.xml.
2019-11-10 21:05:19,283 [Worker-37] INFO  o.e.m.c.i.embedder.EclipseLogger - Using 'UTF-8' encoding to copy filtered resources.
2019-11-10 21:05:19,283 [Worker-37] INFO  o.e.m.c.i.embedder.EclipseLogger - skip non existing resourceDirectory F:\Prog_Eclipse\nouveau\MavenCompteBancaire\Compte\src\main\resources
2019-11-10 21:05:19,285 [Worker-37] INFO  o.e.m.c.i.embedder.EclipseLogger - Using 'UTF-8' encoding to copy filtered resources.
2019-11-10 21:05:19,286 [Worker-37] INFO  o.e.m.c.i.embedder.EclipseLogger - skip non existing resourceDirectory F:\Prog_Eclipse\nouveau\MavenCompteBancaire\Compte\src\test\resources
2019-11-10 21:12:37,398 [Worker-47] INFO  o.e.m.c.i.l.LifecycleMappingFactory - Using org.eclipse.m2e.jdt.JarLifecycleMapping lifecycle mapping for MavenProject: fr.uvsq.OnlySoft:Compte:0.0.1-SNAPSHOT @ F:\Prog_Eclipse\nouveau\MavenCompteBancaire\Compte\pom.xml.
2019-11-10 21:12:37,870 [Worker-47] INFO  o.e.m.c.i.embedder.EclipseLogger - Using 'UTF-8' encoding to copy filtered resources.
2019-11-10 21:12:37,870 [Worker-47] INFO  o.e.m.c.i.embedder.EclipseLogger - skip non existing resourceDirectory F:\Prog_Eclipse\nouveau\MavenCompteBancaire\Compte\src\main\resources
2019-11-10 21:12:37,872 [Worker-47] INFO  o.e.m.c.i.embedder.EclipseLogger - Using 'UTF-8' encoding to copy filtered resources.
2019-11-10 21:12:37,873 [Worker-47] INFO  o.e.m.c.i.embedder.EclipseLogger - skip non existing resourceDirectory F:\Prog_Eclipse\nouveau\MavenCompteBancaire\Compte\src\test\resources
2019-11-10 21:12:39,405 [Worker-49] INFO  o.e.m.c.i.embedder.EclipseLogger - Using 'UTF-8' encoding to copy filtered resources.
2019-11-10 21:12:39,406 [Worker-49] INFO  o.e.m.c.i.embedder.EclipseLogger - skip non existing resourceDirectory F:\Prog_Eclipse\nouveau\MavenCompteBancaire\Compte\src\main\resources
2019-11-10 21:12:39,407 [Worker-49] INFO  o.e.m.c.i.embedder.EclipseLogger - Using 'UTF-8' encoding to copy filtered resources.
2019-11-10 21:12:39,407 [Worker-49] INFO  o.e.m.c.i.embedder.EclipseLogger - skip non existing resourceDirectory F:\Prog_Eclipse\nouveau\MavenCompteBancaire\Compte\src\test\resources
2019-11-10 21:15:16,169 [Worker-37] INFO  o.e.m.c.i.l.LifecycleMappingFactory - Using org.eclipse.m2e.jdt.JarLifecycleMapping lifecycle mapping for MavenProject: fr.uvsq.OnlySoft:Compte:0.0.1-SNAPSHOT @ F:\Prog_Eclipse\nouveau\MavenCompteBancaire\Compte\pom.xml.
2019-11-10 21:15:16,364 [Worker-37] INFO  o.e.m.c.i.embedder.EclipseLogger - Using 'UTF-8' encoding to copy filtered resources.
2019-11-10 21:15:16,364 [Worker-37] INFO  o.e.m.c.i.embedder.EclipseLogger - skip non existing resourceDirectory F:\Prog_Eclipse\nouveau\MavenCompteBancaire\Compte\src\main\resources
2019-11-10 21:15:16,366 [Worker-37] INFO  o.e.m.c.i.embedder.EclipseLogger - Using 'UTF-8' encoding to copy filtered resources.
2019-11-10 21:15:16,366 [Worker-37] INFO  o.e.m.c.i.embedder.EclipseLogger - skip non existing resourceDirectory F:\Prog_Eclipse\nouveau\MavenCompteBancaire\Compte\src\test\resources
2019-11-10 21:17:26,318 [Worker-48] INFO  o.e.m.c.i.l.LifecycleMappingFactory - Using org.eclipse.m2e.jdt.JarLifecycleMapping lifecycle mapping for MavenProject: fr.uvsq.OnlySoft:Compte:0.0.1-SNAPSHOT @ F:\Prog_Eclipse\nouveau\MavenCompteBancaire\Compte\pom.xml.
2019-11-10 21:17:26,534 [Worker-48] INFO  o.e.m.c.i.embedder.EclipseLogger - Using 'UTF-8' encoding to copy filtered resources.
2019-11-10 21:17:26,535 [Worker-48] INFO  o.e.m.c.i.embedder.EclipseLogger - skip non existing resourceDirectory F:\Prog_Eclipse\nouveau\MavenCompteBancaire\Compte\src\main\resources
2019-11-10 21:17:26,536 [Worker-48] INFO  o.e.m.c.i.embedder.EclipseLogger - Using 'UTF-8' encoding to copy filtered resources.
2019-11-10 21:17:26,537 [Worker-48] INFO  o.e.m.c.i.embedder.EclipseLogger - skip non existing resourceDirectory F:\Prog_Eclipse\nouveau\MavenCompteBancaire\Compte\src\test\resources
2019-11-10 21:19:33,655 [Worker-56] INFO  o.e.m.c.i.l.LifecycleMappingFactory - Using org.eclipse.m2e.jdt.JarLifecycleMapping lifecycle mapping for MavenProject: fr.uvsq.OnlySoft:Compte:0.0.1-SNAPSHOT @ F:\Prog_Eclipse\nouveau\MavenCompteBancaire\Compte\pom.xml.
2019-11-10 21:19:33,870 [Worker-56] INFO  o.e.m.c.i.embedder.EclipseLogger - Using 'UTF-8' encoding to copy filtered resources.
2019-11-10 21:19:33,870 [Worker-56] INFO  o.e.m.c.i.embedder.EclipseLogger - skip non existing resourceDirectory F:\Prog_Eclipse\nouveau\MavenCompteBancaire\Compte\src\main\resources
2019-11-10 21:19:33,872 [Worker-56] INFO  o.e.m.c.i.embedder.EclipseLogger - Using 'UTF-8' encoding to copy filtered resources.
2019-11-10 21:19:33,873 [Worker-56] INFO  o.e.m.c.i.embedder.EclipseLogger - skip non existing resourceDirectory F:\Prog_Eclipse\nouveau\MavenCompteBancaire\Compte\src\test\resources
2019-11-10 21:23:27,638 [Worker-60] INFO  o.e.m.c.i.l.LifecycleMappingFactory - Using org.eclipse.m2e.jdt.JarLifecycleMapping lifecycle mapping for MavenProject: fr.uvsq.OnlySoft:Compte:0.0.1-SNAPSHOT @ F:\Prog_Eclipse\nouveau\MavenCompteBancaire\Compte\pom.xml.
2019-11-10 21:23:27,850 [Worker-60] INFO  o.e.m.c.i.embedder.EclipseLogger - Using 'UTF-8' encoding to copy filtered resources.
2019-11-10 21:23:27,851 [Worker-60] INFO  o.e.m.c.i.embedder.EclipseLogger - skip non existing resourceDirectory F:\Prog_Eclipse\nouveau\MavenCompteBancaire\Compte\src\main\resources
2019-11-10 21:23:27,853 [Worker-60] INFO  o.e.m.c.i.embedder.EclipseLogger - Using 'UTF-8' encoding to copy filtered resources.
2019-11-10 21:23:27,853 [Worker-60] INFO  o.e.m.c.i.embedder.EclipseLogger - skip non existing resourceDirectory F:\Prog_Eclipse\nouveau\MavenCompteBancaire\Compte\src\test\resources
2019-11-10 21:35:45,857 [Worker-67] INFO  o.e.m.c.i.embedder.EclipseLogger - Using 'UTF-8' encoding to copy filtered resources.
2019-11-10 21:35:45,858 [Worker-67] INFO  o.e.m.c.i.embedder.EclipseLogger - skip non existing resourceDirectory F:\Prog_Eclipse\nouveau\MavenCompteBancaire\Compte\src\main\resources
2019-11-10 21:35:45,859 [Worker-67] INFO  o.e.m.c.i.embedder.EclipseLogger - Using 'UTF-8' encoding to copy filtered resources.
2019-11-10 21:35:45,860 [Worker-67] INFO  o.e.m.c.i.embedder.EclipseLogger - skip non existing resourceDirectory F:\Prog_Eclipse\nouveau\MavenCompteBancaire\Compte\src\test\resources
2019-11-10 21:49:55,951 [Worker-62] INFO  o.e.m.c.i.embedder.EclipseLogger - Using 'UTF-8' encoding to copy filtered resources.
2019-11-10 21:49:55,952 [Worker-62] INFO  o.e.m.c.i.embedder.EclipseLogger - skip non existing resourceDirectory F:\Prog_Eclipse\nouveau\MavenCompteBancaire\Compte\src\main\resources
2019-11-10 21:49:55,953 [Worker-62] INFO  o.e.m.c.i.embedder.EclipseLogger - Using 'UTF-8' encoding to copy filtered resources.
2019-11-10 21:49:55,953 [Worker-62] INFO  o.e.m.c.i.embedder.EclipseLogger - skip non existing resourceDirectory F:\Prog_Eclipse\nouveau\MavenCompteBancaire\Compte\src\test\resources
2019-11-10 22:18:01,524 [Worker-78] INFO  o.e.m.c.i.l.LifecycleMappingFactory - Using org.eclipse.m2e.jdt.JarLifecycleMapping lifecycle mapping for MavenProject: fr.uvsq.OnlySoft:Compte:0.0.1-SNAPSHOT @ F:\Prog_Eclipse\nouveau\MavenCompteBancaire\Compte\pom.xml.
2019-11-10 22:18:01,861 [Worker-78] INFO  o.e.m.c.i.embedder.EclipseLogger - Using 'UTF-8' encoding to copy filtered resources.
2019-11-10 22:18:01,862 [Worker-78] INFO  o.e.m.c.i.embedder.EclipseLogger - skip non existing resourceDirectory F:\Prog_Eclipse\nouveau\MavenCompteBancaire\Compte\src\main\resources
2019-11-10 22:18:01,864 [Worker-78] INFO  o.e.m.c.i.embedder.EclipseLogger - Using 'UTF-8' encoding to copy filtered resources.
2019-11-10 22:18:01,864 [Worker-78] INFO  o.e.m.c.i.embedder.EclipseLogger - skip non existing resourceDirectory F:\Prog_Eclipse\nouveau\MavenCompteBancaire\Compte\src\test\resources
2019-11-10 22:24:19,676 [Worker-80] INFO  o.e.m.c.i.l.LifecycleMappingFactory - Using org.eclipse.m2e.jdt.JarLifecycleMapping lifecycle mapping for MavenProject: fr.uvsq.OnlySoft:Compte:0.0.1-SNAPSHOT @ F:\Prog_Eclipse\nouveau\MavenCompteBancaire\Compte\pom.xml.
2019-11-10 22:24:19,870 [Worker-80] INFO  o.e.m.c.i.embedder.EclipseLogger - Using 'UTF-8' encoding to copy filtered resources.
2019-11-10 22:24:19,871 [Worker-80] INFO  o.e.m.c.i.embedder.EclipseLogger - skip non existing resourceDirectory F:\Prog_Eclipse\nouveau\MavenCompteBancaire\Compte\src\main\resources
2019-11-10 22:24:19,873 [Worker-80] INFO  o.e.m.c.i.embedder.EclipseLogger - Using 'UTF-8' encoding to copy filtered resources.
2019-11-10 22:24:19,873 [Worker-80] INFO  o.e.m.c.i.embedder.EclipseLogger - skip non existing resourceDirectory F:\Prog_Eclipse\nouveau\MavenCompteBancaire\Compte\src\test\resources
2019-11-11 17:37:09,121 [Worker-214] INFO  o.e.m.c.i.l.LifecycleMappingFactory - Using org.eclipse.m2e.jdt.JarLifecycleMapping lifecycle mapping for MavenProject: fr.uvsq.OnlySoft:Compte:0.0.1-SNAPSHOT @ F:\Prog_Eclipse\nouveau\MavenCompteBancaire\Compte\pom.xml.
2019-11-11 17:37:13,294 [Worker-214] INFO  o.e.m.c.i.embedder.EclipseLogger - Using 'UTF-8' encoding to copy filtered resources.
2019-11-11 17:37:13,294 [Worker-214] INFO  o.e.m.c.i.embedder.EclipseLogger - skip non existing resourceDirectory F:\Prog_Eclipse\nouveau\MavenCompteBancaire\Compte\src\main\resources
2019-11-11 17:37:13,296 [Worker-214] INFO  o.e.m.c.i.embedder.EclipseLogger - Using 'UTF-8' encoding to copy filtered resources.
2019-11-11 17:37:13,297 [Worker-214] INFO  o.e.m.c.i.embedder.EclipseLogger - skip non existing resourceDirectory F:\Prog_Eclipse\nouveau\MavenCompteBancaire\Compte\src\test\resources
2019-11-13 12:11:49,776 [Worker-494] INFO  o.e.m.c.i.l.LifecycleMappingFactory - Using org.eclipse.m2e.jdt.JarLifecycleMapping lifecycle mapping for MavenProject: fr.uvsq.OnlySoft:Compte:0.0.1-SNAPSHOT @ F:\Prog_Eclipse\nouveau\MavenCompteBancaire\Compte\pom.xml.
2019-11-13 12:11:53,874 [Worker-494] INFO  o.e.m.c.i.embedder.EclipseLogger - Using 'UTF-8' encoding to copy filtered resources.
2019-11-13 12:11:53,874 [Worker-494] INFO  o.e.m.c.i.embedder.EclipseLogger - skip non existing resourceDirectory F:\Prog_Eclipse\nouveau\MavenCompteBancaire\Compte\src\main\resources
2019-11-13 12:11:53,877 [Worker-494] INFO  o.e.m.c.i.embedder.EclipseLogger - Using 'UTF-8' encoding to copy filtered resources.
2019-11-13 12:11:53,877 [Worker-494] INFO  o.e.m.c.i.embedder.EclipseLogger - skip non existing resourceDirectory F:\Prog_Eclipse\nouveau\MavenCompteBancaire\Compte\src\test\resources
2019-11-13 12:12:04,550 [Worker-489] INFO  o.e.m.c.i.l.LifecycleMappingFactory - Using org.eclipse.m2e.jdt.JarLifecycleMapping lifecycle mapping for MavenProject: fr.uvsq.OnlySoft:Compte:0.0.1-SNAPSHOT @ F:\Prog_Eclipse\nouveau\MavenCompteBancaire\Compte\pom.xml.
2019-11-13 12:12:04,804 [Worker-489] INFO  o.e.m.c.i.embedder.EclipseLogger - Using 'UTF-8' encoding to copy filtered resources.
2019-11-13 12:12:04,805 [Worker-489] INFO  o.e.m.c.i.embedder.EclipseLogger - skip non existing resourceDirectory F:\Prog_Eclipse\nouveau\MavenCompteBancaire\Compte\src\main\resources
2019-11-13 12:12:04,807 [Worker-489] INFO  o.e.m.c.i.embedder.EclipseLogger - Using 'UTF-8' encoding to copy filtered resources.
2019-11-13 12:12:04,807 [Worker-489] INFO  o.e.m.c.i.embedder.EclipseLogger - skip non existing resourceDirectory F:\Prog_Eclipse\nouveau\MavenCompteBancaire\Compte\src\test\resources
2019-11-13 12:14:00,335 [Worker-496] INFO  o.e.m.c.i.l.LifecycleMappingFactory - Using org.eclipse.m2e.jdt.JarLifecycleMapping lifecycle mapping for MavenProject: fr.uvsq.OnlySoft:Compte:0.0.1-SNAPSHOT @ F:\Prog_Eclipse\nouveau\MavenCompteBancaire\Compte\pom.xml.
2019-11-13 12:14:00,798 [Worker-496] INFO  o.e.m.c.i.embedder.EclipseLogger - Using 'UTF-8' encoding to copy filtered resources.
2019-11-13 12:14:00,798 [Worker-496] INFO  o.e.m.c.i.embedder.EclipseLogger - skip non existing resourceDirectory F:\Prog_Eclipse\nouveau\MavenCompteBancaire\Compte\src\main\resources
2019-11-13 12:14:00,800 [Worker-496] INFO  o.e.m.c.i.embedder.EclipseLogger - Using 'UTF-8' encoding to copy filtered resources.
2019-11-13 12:14:00,801 [Worker-496] INFO  o.e.m.c.i.embedder.EclipseLogger - skip non existing resourceDirectory F:\Prog_Eclipse\nouveau\MavenCompteBancaire\Compte\src\test\resources
2019-11-13 12:18:23,093 [Worker-501] INFO  o.e.m.c.i.l.LifecycleMappingFactory - Using org.eclipse.m2e.jdt.JarLifecycleMapping lifecycle mapping for MavenProject: fr.uvsq.OnlySoft:Compte:0.0.1-SNAPSHOT @ F:\Prog_Eclipse\nouveau\MavenCompteBancaire\Compte\pom.xml.
2019-11-13 12:18:23,443 [Worker-501] INFO  o.e.m.c.i.embedder.EclipseLogger - Using 'UTF-8' encoding to copy filtered resources.
2019-11-13 12:18:23,444 [Worker-501] INFO  o.e.m.c.i.embedder.EclipseLogger - skip non existing resourceDirectory F:\Prog_Eclipse\nouveau\MavenCompteBancaire\Compte\src\main\resources
2019-11-13 12:18:23,445 [Worker-501] INFO  o.e.m.c.i.embedder.EclipseLogger - Using 'UTF-8' encoding to copy filtered resources.
2019-11-13 12:18:23,446 [Worker-501] INFO  o.e.m.c.i.embedder.EclipseLogger - skip non existing resourceDirectory F:\Prog_Eclipse\nouveau\MavenCompteBancaire\Compte\src\test\resources
2019-11-13 12:20:40,940 [Worker-503] INFO  o.e.m.c.i.l.LifecycleMappingFactory - Using org.eclipse.m2e.jdt.JarLifecycleMapping lifecycle mapping for MavenProject: fr.uvsq.OnlySoft:Compte:0.0.1-SNAPSHOT @ F:\Prog_Eclipse\nouveau\MavenCompteBancaire\Compte\pom.xml.
2019-11-13 12:20:41,387 [Worker-503] INFO  o.e.m.c.i.embedder.EclipseLogger - Using 'UTF-8' encoding to copy filtered resources.
2019-11-13 12:20:41,387 [Worker-503] INFO  o.e.m.c.i.embedder.EclipseLogger - skip non existing resourceDirectory F:\Prog_Eclipse\nouveau\MavenCompteBancaire\Compte\src\main\resources
2019-11-13 12:20:41,390 [Worker-503] INFO  o.e.m.c.i.embedder.EclipseLogger - Using 'UTF-8' encoding to copy filtered resources.
2019-11-13 12:20:41,390 [Worker-503] INFO  o.e.m.c.i.embedder.EclipseLogger - skip non existing resourceDirectory F:\Prog_Eclipse\nouveau\MavenCompteBancaire\Compte\src\test\resources
2019-11-13 12:25:21,605 [Worker-507] INFO  o.e.m.c.i.l.LifecycleMappingFactory - Using org.eclipse.m2e.jdt.JarLifecycleMapping lifecycle mapping for MavenProject: fr.uvsq.OnlySoft:Compte:0.0.1-SNAPSHOT @ F:\Prog_Eclipse\nouveau\MavenCompteBancaire\Compte\pom.xml.
2019-11-13 12:25:21,827 [Worker-507] INFO  o.e.m.c.i.embedder.EclipseLogger - Using 'UTF-8' encoding to copy filtered resources.
2019-11-13 12:25:21,827 [Worker-507] INFO  o.e.m.c.i.embedder.EclipseLogger - skip non existing resourceDirectory F:\Prog_Eclipse\nouveau\MavenCompteBancaire\Compte\src\main\resources
2019-11-13 12:25:21,828 [Worker-507] INFO  o.e.m.c.i.embedder.EclipseLogger - Using 'UTF-8' encoding to copy filtered resources.
2019-11-13 12:25:21,828 [Worker-507] INFO  o.e.m.c.i.embedder.EclipseLogger - skip non existing resourceDirectory F:\Prog_Eclipse\nouveau\MavenCompteBancaire\Compte\src\test\resources
2019-11-13 12:27:06,693 [Worker-506] INFO  o.e.m.c.i.embedder.EclipseLogger - Using 'UTF-8' encoding to copy filtered resources.
2019-11-13 12:27:06,693 [Worker-506] INFO  o.e.m.c.i.embedder.EclipseLogger - skip non existing resourceDirectory F:\Prog_Eclipse\nouveau\MavenCompteBancaire\Compte\src\main\resources
2019-11-13 12:27:06,694 [Worker-506] INFO  o.e.m.c.i.embedder.EclipseLogger - Using 'UTF-8' encoding to copy filtered resources.
2019-11-13 12:27:06,694 [Worker-506] INFO  o.e.m.c.i.embedder.EclipseLogger - skip non existing resourceDirectory F:\Prog_Eclipse\nouveau\MavenCompteBancaire\Compte\src\test\resources
2019-11-13 12:32:21,621 [Worker-512] INFO  o.e.m.c.i.l.LifecycleMappingFactory - Using org.eclipse.m2e.jdt.JarLifecycleMapping lifecycle mapping for MavenProject: fr.uvsq.OnlySoft:Compte:0.0.1-SNAPSHOT @ F:\Prog_Eclipse\nouveau\MavenCompteBancaire\Compte\pom.xml.
2019-11-13 12:32:21,906 [Worker-512] INFO  o.e.m.c.i.embedder.EclipseLogger - Using 'UTF-8' encoding to copy filtered resources.
2019-11-13 12:32:21,906 [Worker-512] INFO  o.e.m.c.i.embedder.EclipseLogger - skip non existing resourceDirectory F:\Prog_Eclipse\nouveau\MavenCompteBancaire\Compte\src\main\resources
2019-11-13 12:32:21,908 [Worker-512] INFO  o.e.m.c.i.embedder.EclipseLogger - Using 'UTF-8' encoding to copy filtered resources.
2019-11-13 12:32:21,909 [Worker-512] INFO  o.e.m.c.i.embedder.EclipseLogger - skip non existing resourceDirectory F:\Prog_Eclipse\nouveau\MavenCompteBancaire\Compte\src\test\resources
2019-11-13 12:32:41,160 [Worker-512] INFO  o.e.m.c.i.l.LifecycleMappingFactory - Using org.eclipse.m2e.jdt.JarLifecycleMapping lifecycle mapping for MavenProject: fr.uvsq.OnlySoft:Compte:0.0.1-SNAPSHOT @ F:\Prog_Eclipse\nouveau\MavenCompteBancaire\Compte\pom.xml.
2019-11-13 12:32:41,463 [Worker-512] INFO  o.e.m.c.i.embedder.EclipseLogger - Using 'UTF-8' encoding to copy filtered resources.
2019-11-13 12:32:41,463 [Worker-512] INFO  o.e.m.c.i.embedder.EclipseLogger - skip non existing resourceDirectory F:\Prog_Eclipse\nouveau\MavenCompteBancaire\Compte\src\main\resources
2019-11-13 12:32:41,465 [Worker-512] INFO  o.e.m.c.i.embedder.EclipseLogger - Using 'UTF-8' encoding to copy filtered resources.
2019-11-13 12:32:41,465 [Worker-512] INFO  o.e.m.c.i.embedder.EclipseLogger - skip non existing resourceDirectory F:\Prog_Eclipse\nouveau\MavenCompteBancaire\Compte\src\test\resources
2019-11-13 12:34:48,812 [Worker-519] INFO  o.e.m.c.i.l.LifecycleMappingFactory - Using org.eclipse.m2e.jdt.JarLifecycleMapping lifecycle mapping for MavenProject: fr.uvsq.OnlySoft:Compte:0.0.1-SNAPSHOT @ F:\Prog_Eclipse\nouveau\MavenCompteBancaire\Compte\pom.xml.
2019-11-13 12:34:48,990 [Worker-519] INFO  o.e.m.c.i.embedder.EclipseLogger - Using 'UTF-8' encoding to copy filtered resources.
2019-11-13 12:34:48,991 [Worker-519] INFO  o.e.m.c.i.embedder.EclipseLogger - skip non existing resourceDirectory F:\Prog_Eclipse\nouveau\MavenCompteBancaire\Compte\src\main\resources
2019-11-13 12:34:48,992 [Worker-519] INFO  o.e.m.c.i.embedder.EclipseLogger - Using 'UTF-8' encoding to copy filtered resources.
2019-11-13 12:34:48,993 [Worker-519] INFO  o.e.m.c.i.embedder.EclipseLogger - skip non existing resourceDirectory F:\Prog_Eclipse\nouveau\MavenCompteBancaire\Compte\src\test\resources
2019-11-13 20:03:52,946 [Worker-5] INFO  o.e.m.c.i.l.LifecycleMappingFactory - Using org.eclipse.m2e.jdt.JarLifecycleMapping lifecycle mapping for MavenProject: fr.uvsq.OnlySoft:Compte:0.0.1-SNAPSHOT @ F:\Prog_Eclipse\nouveau\MavenCompteBancaire\Compte\pom.xml.
2019-11-13 20:03:52,946 [Worker-9] INFO  o.e.m.c.i.l.LifecycleMappingFactory - Using org.eclipse.m2e.jdt.JarLifecycleMapping lifecycle mapping for MavenProject: fr.uvsq.OnlySoft:Compte:0.0.1-SNAPSHOT @ F:\Prog_Eclipse\nouveau\MavenCompteBancaire\Compte\pom.xml.
2019-11-13 20:03:55,272 [Worker-9] INFO  o.e.m.c.i.embedder.EclipseLogger - Using 'UTF-8' encoding to copy filtered resources.
2019-11-13 20:03:55,273 [Worker-9] INFO  o.e.m.c.i.embedder.EclipseLogger - skip non existing resourceDirectory F:\Prog_Eclipse\nouveau\MavenCompteBancaire\Compte\src\main\resources
2019-11-13 20:03:55,675 [Worker-9] INFO  o.e.m.c.i.embedder.EclipseLogger - Using 'UTF-8' encoding to copy filtered resources.
2019-11-13 20:03:55,675 [Worker-9] INFO  o.e.m.c.i.embedder.EclipseLogger - skip non existing resourceDirectory F:\Prog_Eclipse\nouveau\MavenCompteBancaire\Compte\src\test\resources
2019-11-13 20:03:55,681 [Worker-3] INFO  o.e.m.c.i.l.LifecycleMappingFactory - Using org.eclipse.m2e.jdt.JarLifecycleMapping lifecycle mapping for MavenProject: fr.uvsq.OnlySoft:Compte:0.0.1-SNAPSHOT @ F:\Prog_Eclipse\nouveau\MavenCompteBancaire\Compte\pom.xml.
2019-11-13 20:03:57,026 [Worker-9] INFO  o.e.m.c.i.embedder.EclipseLogger - Using 'UTF-8' encoding to copy filtered resources.
2019-11-13 20:03:57,026 [Worker-9] INFO  o.e.m.c.i.embedder.EclipseLogger - skip non existing resourceDirectory F:\Prog_Eclipse\nouveau\MavenCompteBancaire\Compte\src\main\resources
2019-11-13 20:03:57,028 [Worker-9] INFO  o.e.m.c.i.embedder.EclipseLogger - Using 'UTF-8' encoding to copy filtered resources.
2019-11-13 20:03:57,028 [Worker-9] INFO  o.e.m.c.i.embedder.EclipseLogger - skip non existing resourceDirectory F:\Prog_Eclipse\nouveau\MavenCompteBancaire\Compte\src\test\resources
2019-11-13 20:18:28,132 [Worker-2] INFO  o.e.m.c.i.l.LifecycleMappingFactory - Using org.eclipse.m2e.jdt.JarLifecycleMapping lifecycle mapping for MavenProject: fr.uvsq.OnlySoft:Compte:0.0.1-SNAPSHOT @ F:\Prog_Eclipse\nouveau\MavenCompteBancaire\Compte\pom.xml.
2019-11-13 20:18:28,399 [Worker-2] INFO  o.e.m.c.i.embedder.EclipseLogger - Using 'UTF-8' encoding to copy filtered resources.
2019-11-13 20:18:28,399 [Worker-2] INFO  o.e.m.c.i.embedder.EclipseLogger - skip non existing resourceDirectory F:\Prog_Eclipse\nouveau\MavenCompteBancaire\Compte\src\main\resources
2019-11-13 20:18:28,402 [Worker-2] INFO  o.e.m.c.i.embedder.EclipseLogger - Using 'UTF-8' encoding to copy filtered resources.
2019-11-13 20:18:28,402 [Worker-2] INFO  o.e.m.c.i.embedder.EclipseLogger - skip non existing resourceDirectory F:\Prog_Eclipse\nouveau\MavenCompteBancaire\Compte\src\test\resources
2019-11-13 20:22:53,022 [Worker-24] INFO  o.e.m.c.i.l.LifecycleMappingFactory - Using org.eclipse.m2e.jdt.JarLifecycleMapping lifecycle mapping for MavenProject: fr.uvsq.OnlySoft:Compte:0.0.1-SNAPSHOT @ F:\Prog_Eclipse\nouveau\MavenCompteBancaire\Compte\pom.xml.
2019-11-13 20:22:53,224 [Worker-24] INFO  o.e.m.c.i.embedder.EclipseLogger - Using 'UTF-8' encoding to copy filtered resources.
2019-11-13 20:22:53,224 [Worker-24] INFO  o.e.m.c.i.embedder.EclipseLogger - skip non existing resourceDirectory F:\Prog_Eclipse\nouveau\MavenCompteBancaire\Compte\src\main\resources
2019-11-13 20:22:53,226 [Worker-24] INFO  o.e.m.c.i.embedder.EclipseLogger - Using 'UTF-8' encoding to copy filtered resources.
2019-11-13 20:22:53,226 [Worker-24] INFO  o.e.m.c.i.embedder.EclipseLogger - skip non existing resourceDirectory F:\Prog_Eclipse\nouveau\MavenCompteBancaire\Compte\src\test\resources
2019-11-13 20:26:38,978 [Worker-34] INFO  o.e.m.c.i.e.AbstractTransferListenerAdapter - Downloading https://repo.maven.apache.org/maven2/org/apache/maven/plugins/maven-site-plugin/3.8.2/maven-site-plugin-3.8.2.jar
2019-11-13 20:26:39,072 [Worker-34] INFO  o.e.m.c.i.e.AbstractTransferListenerAdapter - Downloaded https://repo.maven.apache.org/maven2/org/apache/maven/plugins/maven-site-plugin/3.8.2/maven-site-plugin-3.8.2.jar
2019-11-13 20:26:39,854 [Worker-34] INFO  o.e.m.c.i.l.LifecycleMappingFactory - Using org.eclipse.m2e.jdt.JarLifecycleMapping lifecycle mapping for MavenProject: fr.uvsq.OnlySoft:Compte:0.0.1-SNAPSHOT @ F:\Prog_Eclipse\nouveau\MavenCompteBancaire\Compte\pom.xml.
2019-11-13 20:26:40,052 [Worker-34] INFO  o.e.m.c.i.embedder.EclipseLogger - Using 'UTF-8' encoding to copy filtered resources.
2019-11-13 20:26:40,052 [Worker-34] INFO  o.e.m.c.i.embedder.EclipseLogger - skip non existing resourceDirectory F:\Prog_Eclipse\nouveau\MavenCompteBancaire\Compte\src\main\resources
2019-11-13 20:26:40,054 [Worker-34] INFO  o.e.m.c.i.embedder.EclipseLogger - Using 'UTF-8' encoding to copy filtered resources.
2019-11-13 20:26:40,054 [Worker-34] INFO  o.e.m.c.i.embedder.EclipseLogger - skip non existing resourceDirectory F:\Prog_Eclipse\nouveau\MavenCompteBancaire\Compte\src\test\resources
2019-11-13 20:34:17,309 [Worker-39] INFO  o.e.m.c.i.l.LifecycleMappingFactory - Using org.eclipse.m2e.jdt.JarLifecycleMapping lifecycle mapping for MavenProject: fr.uvsq.OnlySoft:Compte:0.0.1-SNAPSHOT @ F:\Prog_Eclipse\nouveau\MavenCompteBancaire\Compte\pom.xml.
2019-11-13 20:34:17,550 [Worker-39] INFO  o.e.m.c.i.embedder.EclipseLogger - Using 'UTF-8' encoding to copy filtered resources.
2019-11-13 20:34:17,550 [Worker-39] INFO  o.e.m.c.i.embedder.EclipseLogger - skip non existing resourceDirectory F:\Prog_Eclipse\nouveau\MavenCompteBancaire\Compte\src\main\resources
2019-11-13 20:34:17,553 [Worker-39] INFO  o.e.m.c.i.embedder.EclipseLogger - Using 'UTF-8' encoding to copy filtered resources.
2019-11-13 20:34:17,554 [Worker-39] INFO  o.e.m.c.i.embedder.EclipseLogger - skip non existing resourceDirectory F:\Prog_Eclipse\nouveau\MavenCompteBancaire\Compte\src\test\resources
2019-11-13 20:34:58,062 [Worker-38] INFO  o.e.m.c.i.l.LifecycleMappingFactory - Using org.eclipse.m2e.jdt.JarLifecycleMapping lifecycle mapping for MavenProject: fr.uvsq.OnlySoft:Compte:0.0.1-SNAPSHOT @ F:\Prog_Eclipse\nouveau\MavenCompteBancaire\Compte\pom.xml.
2019-11-13 20:34:58,233 [Worker-38] INFO  o.e.m.c.i.embedder.EclipseLogger - Using 'UTF-8' encoding to copy filtered resources.
2019-11-13 20:34:58,233 [Worker-38] INFO  o.e.m.c.i.embedder.EclipseLogger - skip non existing resourceDirectory F:\Prog_Eclipse\nouveau\MavenCompteBancaire\Compte\src\main\resources
2019-11-13 20:34:58,236 [Worker-38] INFO  o.e.m.c.i.embedder.EclipseLogger - Using 'UTF-8' encoding to copy filtered resources.
2019-11-13 20:34:58,236 [Worker-38] INFO  o.e.m.c.i.embedder.EclipseLogger - skip non existing resourceDirectory F:\Prog_Eclipse\nouveau\MavenCompteBancaire\Compte\src\test\resources
2019-11-13 20:35:28,046 [Worker-39] INFO  o.e.m.c.i.l.LifecycleMappingFactory - Using org.eclipse.m2e.jdt.JarLifecycleMapping lifecycle mapping for MavenProject: fr.uvsq.OnlySoft:Compte:0.0.1-SNAPSHOT @ F:\Prog_Eclipse\nouveau\MavenCompteBancaire\Compte\pom.xml.
2019-11-13 20:35:28,235 [Worker-39] INFO  o.e.m.c.i.embedder.EclipseLogger - Using 'UTF-8' encoding to copy filtered resources.
2019-11-13 20:35:28,235 [Worker-39] INFO  o.e.m.c.i.embedder.EclipseLogger - skip non existing resourceDirectory F:\Prog_Eclipse\nouveau\MavenCompteBancaire\Compte\src\main\resources
2019-11-13 20:35:28,238 [Worker-39] INFO  o.e.m.c.i.embedder.EclipseLogger - Using 'UTF-8' encoding to copy filtered resources.
2019-11-13 20:35:28,238 [Worker-39] INFO  o.e.m.c.i.embedder.EclipseLogger - skip non existing resourceDirectory F:\Prog_Eclipse\nouveau\MavenCompteBancaire\Compte\src\test\resources
2019-11-13 20:38:47,308 [Worker-45] INFO  o.e.m.c.i.l.LifecycleMappingFactory - Using org.eclipse.m2e.jdt.JarLifecycleMapping lifecycle mapping for MavenProject: fr.uvsq.OnlySoft:Compte:0.0.1-SNAPSHOT @ F:\Prog_Eclipse\nouveau\MavenCompteBancaire\Compte\pom.xml.
2019-11-13 20:38:47,482 [Worker-45] INFO  o.e.m.c.i.embedder.EclipseLogger - Using 'UTF-8' encoding to copy filtered resources.
2019-11-13 20:38:47,482 [Worker-45] INFO  o.e.m.c.i.embedder.EclipseLogger - skip non existing resourceDirectory F:\Prog_Eclipse\nouveau\MavenCompteBancaire\Compte\src\main\resources
2019-11-13 20:38:47,484 [Worker-45] INFO  o.e.m.c.i.embedder.EclipseLogger - Using 'UTF-8' encoding to copy filtered resources.
2019-11-13 20:38:47,485 [Worker-45] INFO  o.e.m.c.i.embedder.EclipseLogger - skip non existing resourceDirectory F:\Prog_Eclipse\nouveau\MavenCompteBancaire\Compte\src\test\resources
2019-11-13 20:39:09,934 [Worker-44] INFO  o.e.m.c.i.l.LifecycleMappingFactory - Using org.eclipse.m2e.jdt.JarLifecycleMapping lifecycle mapping for MavenProject: fr.uvsq.OnlySoft:Compte:0.0.1-SNAPSHOT @ F:\Prog_Eclipse\nouveau\MavenCompteBancaire\Compte\pom.xml.
2019-11-13 20:39:10,109 [Worker-44] INFO  o.e.m.c.i.embedder.EclipseLogger - Using 'UTF-8' encoding to copy filtered resources.
2019-11-13 20:39:10,109 [Worker-44] INFO  o.e.m.c.i.embedder.EclipseLogger - skip non existing resourceDirectory F:\Prog_Eclipse\nouveau\MavenCompteBancaire\Compte\src\main\resources
2019-11-13 20:39:10,111 [Worker-44] INFO  o.e.m.c.i.embedder.EclipseLogger - Using 'UTF-8' encoding to copy filtered resources.
2019-11-13 20:39:10,111 [Worker-44] INFO  o.e.m.c.i.embedder.EclipseLogger - skip non existing resourceDirectory F:\Prog_Eclipse\nouveau\MavenCompteBancaire\Compte\src\test\resources
2019-11-13 20:41:20,635 [Worker-43] INFO  o.e.m.c.i.l.LifecycleMappingFactory - Using org.eclipse.m2e.jdt.JarLifecycleMapping lifecycle mapping for MavenProject: fr.uvsq.OnlySoft:Compte:0.0.1-SNAPSHOT @ F:\Prog_Eclipse\nouveau\MavenCompteBancaire\Compte\pom.xml.
2019-11-13 20:41:20,821 [Worker-43] INFO  o.e.m.c.i.embedder.EclipseLogger - Using 'UTF-8' encoding to copy filtered resources.
2019-11-13 20:41:20,822 [Worker-43] INFO  o.e.m.c.i.embedder.EclipseLogger - skip non existing resourceDirectory F:\Prog_Eclipse\nouveau\MavenCompteBancaire\Compte\src\main\resources
2019-11-13 20:41:20,824 [Worker-43] INFO  o.e.m.c.i.embedder.EclipseLogger - Using 'UTF-8' encoding to copy filtered resources.
2019-11-13 20:41:20,824 [Worker-43] INFO  o.e.m.c.i.embedder.EclipseLogger - skip non existing resourceDirectory F:\Prog_Eclipse\nouveau\MavenCompteBancaire\Compte\src\test\resources
2019-11-13 20:41:34,724 [Worker-43] INFO  o.e.m.c.i.l.LifecycleMappingFactory - Using org.eclipse.m2e.jdt.JarLifecycleMapping lifecycle mapping for MavenProject: fr.uvsq.OnlySoft:Compte:0.0.1-SNAPSHOT @ F:\Prog_Eclipse\nouveau\MavenCompteBancaire\Compte\pom.xml.
2019-11-13 20:41:34,895 [Worker-43] INFO  o.e.m.c.i.embedder.EclipseLogger - Using 'UTF-8' encoding to copy filtered resources.
2019-11-13 20:41:34,895 [Worker-43] INFO  o.e.m.c.i.embedder.EclipseLogger - skip non existing resourceDirectory F:\Prog_Eclipse\nouveau\MavenCompteBancaire\Compte\src\main\resources
2019-11-13 20:41:34,898 [Worker-43] INFO  o.e.m.c.i.embedder.EclipseLogger - Using 'UTF-8' encoding to copy filtered resources.
2019-11-13 20:41:34,898 [Worker-43] INFO  o.e.m.c.i.embedder.EclipseLogger - skip non existing resourceDirectory F:\Prog_Eclipse\nouveau\MavenCompteBancaire\Compte\src\test\resources
2019-11-13 20:41:36,776 [Worker-47] INFO  o.e.m.c.i.l.LifecycleMappingFactory - Using org.eclipse.m2e.jdt.JarLifecycleMapping lifecycle mapping for MavenProject: fr.uvsq.OnlySoft:Compte:0.0.1-SNAPSHOT @ F:\Prog_Eclipse\nouveau\MavenCompteBancaire\Compte\pom.xml.
2019-11-13 20:41:36,930 [Worker-47] INFO  o.e.m.c.i.embedder.EclipseLogger - Using 'UTF-8' encoding to copy filtered resources.
2019-11-13 20:41:36,930 [Worker-47] INFO  o.e.m.c.i.embedder.EclipseLogger - skip non existing resourceDirectory F:\Prog_Eclipse\nouveau\MavenCompteBancaire\Compte\src\main\resources
2019-11-13 20:41:36,931 [Worker-47] INFO  o.e.m.c.i.embedder.EclipseLogger - Using 'UTF-8' encoding to copy filtered resources.
2019-11-13 20:41:36,932 [Worker-47] INFO  o.e.m.c.i.embedder.EclipseLogger - skip non existing resourceDirectory F:\Prog_Eclipse\nouveau\MavenCompteBancaire\Compte\src\test\resources
2019-11-13 20:44:27,779 [Worker-51] INFO  o.e.m.c.i.l.LifecycleMappingFactory - Using org.eclipse.m2e.jdt.JarLifecycleMapping lifecycle mapping for MavenProject: fr.uvsq.OnlySoft:Compte:0.0.1-SNAPSHOT @ F:\Prog_Eclipse\nouveau\MavenCompteBancaire\Compte\pom.xml.
2019-11-13 20:44:28,028 [Worker-51] INFO  o.e.m.c.i.embedder.EclipseLogger - Using 'UTF-8' encoding to copy filtered resources.
2019-11-13 20:44:28,028 [Worker-51] INFO  o.e.m.c.i.embedder.EclipseLogger - skip non existing resourceDirectory F:\Prog_Eclipse\nouveau\MavenCompteBancaire\Compte\src\main\resources
2019-11-13 20:44:28,030 [Worker-51] INFO  o.e.m.c.i.embedder.EclipseLogger - Using 'UTF-8' encoding to copy filtered resources.
2019-11-13 20:44:28,031 [Worker-51] INFO  o.e.m.c.i.embedder.EclipseLogger - skip non existing resourceDirectory F:\Prog_Eclipse\nouveau\MavenCompteBancaire\Compte\src\test\resources
2019-11-13 20:44:45,983 [Worker-55] INFO  o.e.m.c.i.l.LifecycleMappingFactory - Using org.eclipse.m2e.jdt.JarLifecycleMapping lifecycle mapping for MavenProject: fr.uvsq.OnlySoft:Compte:0.0.1-SNAPSHOT @ F:\Prog_Eclipse\nouveau\MavenCompteBancaire\Compte\pom.xml.
2019-11-13 20:44:46,161 [Worker-55] INFO  o.e.m.c.i.embedder.EclipseLogger - Using 'UTF-8' encoding to copy filtered resources.
2019-11-13 20:44:46,162 [Worker-55] INFO  o.e.m.c.i.embedder.EclipseLogger - skip non existing resourceDirectory F:\Prog_Eclipse\nouveau\MavenCompteBancaire\Compte\src\main\resources
2019-11-13 20:44:46,163 [Worker-55] INFO  o.e.m.c.i.embedder.EclipseLogger - Using 'UTF-8' encoding to copy filtered resources.
2019-11-13 20:44:46,163 [Worker-55] INFO  o.e.m.c.i.embedder.EclipseLogger - skip non existing resourceDirectory F:\Prog_Eclipse\nouveau\MavenCompteBancaire\Compte\src\test\resources
2019-11-13 20:45:05,327 [Worker-53] INFO  o.e.m.c.i.l.LifecycleMappingFactory - Using org.eclipse.m2e.jdt.JarLifecycleMapping lifecycle mapping for MavenProject: fr.uvsq.OnlySoft:Compte:0.0.1-SNAPSHOT @ F:\Prog_Eclipse\nouveau\MavenCompteBancaire\Compte\pom.xml.
2019-11-13 20:45:05,480 [Worker-53] INFO  o.e.m.c.i.embedder.EclipseLogger - Using 'UTF-8' encoding to copy filtered resources.
2019-11-13 20:45:05,481 [Worker-53] INFO  o.e.m.c.i.embedder.EclipseLogger - skip non existing resourceDirectory F:\Prog_Eclipse\nouveau\MavenCompteBancaire\Compte\src\main\resources
2019-11-13 20:45:05,482 [Worker-53] INFO  o.e.m.c.i.embedder.EclipseLogger - Using 'UTF-8' encoding to copy filtered resources.
2019-11-13 20:45:05,483 [Worker-53] INFO  o.e.m.c.i.embedder.EclipseLogger - skip non existing resourceDirectory F:\Prog_Eclipse\nouveau\MavenCompteBancaire\Compte\src\test\resources
2019-11-13 20:45:26,268 [Worker-43] INFO  o.e.m.c.i.l.LifecycleMappingFactory - Using org.eclipse.m2e.jdt.JarLifecycleMapping lifecycle mapping for MavenProject: fr.uvsq.OnlySoft:Compte:0.0.1-SNAPSHOT @ F:\Prog_Eclipse\nouveau\MavenCompteBancaire\Compte\pom.xml.
2019-11-13 20:45:26,456 [Worker-43] INFO  o.e.m.c.i.embedder.EclipseLogger - Using 'UTF-8' encoding to copy filtered resources.
2019-11-13 20:45:26,456 [Worker-43] INFO  o.e.m.c.i.embedder.EclipseLogger - skip non existing resourceDirectory F:\Prog_Eclipse\nouveau\MavenCompteBancaire\Compte\src\main\resources
2019-11-13 20:45:26,458 [Worker-43] INFO  o.e.m.c.i.embedder.EclipseLogger - Using 'UTF-8' encoding to copy filtered resources.
2019-11-13 20:45:26,458 [Worker-43] INFO  o.e.m.c.i.embedder.EclipseLogger - skip non existing resourceDirectory F:\Prog_Eclipse\nouveau\MavenCompteBancaire\Compte\src\test\resources
2019-11-13 20:45:38,166 [Worker-54] INFO  o.e.m.c.i.l.LifecycleMappingFactory - Using org.eclipse.m2e.jdt.JarLifecycleMapping lifecycle mapping for MavenProject: fr.uvsq.OnlySoft:Compte:0.0.1-SNAPSHOT @ F:\Prog_Eclipse\nouveau\MavenCompteBancaire\Compte\pom.xml.
2019-11-13 20:45:38,345 [Worker-54] INFO  o.e.m.c.i.embedder.EclipseLogger - Using 'UTF-8' encoding to copy filtered resources.
2019-11-13 20:45:38,345 [Worker-54] INFO  o.e.m.c.i.embedder.EclipseLogger - skip non existing resourceDirectory F:\Prog_Eclipse\nouveau\MavenCompteBancaire\Compte\src\main\resources
2019-11-13 20:45:38,347 [Worker-54] INFO  o.e.m.c.i.embedder.EclipseLogger - Using 'UTF-8' encoding to copy filtered resources.
2019-11-13 20:45:38,348 [Worker-54] INFO  o.e.m.c.i.embedder.EclipseLogger - skip non existing resourceDirectory F:\Prog_Eclipse\nouveau\MavenCompteBancaire\Compte\src\test\resources
2019-11-13 20:50:31,609 [Worker-60] INFO  o.e.m.c.i.l.LifecycleMappingFactory - Using org.eclipse.m2e.jdt.JarLifecycleMapping lifecycle mapping for MavenProject: fr.uvsq.OnlySoft:Compte:0.0.1-SNAPSHOT @ F:\Prog_Eclipse\nouveau\MavenCompteBancaire\Compte\pom.xml.
2019-11-13 20:50:31,758 [Worker-60] INFO  o.e.m.c.i.embedder.EclipseLogger - Using 'UTF-8' encoding to copy filtered resources.
2019-11-13 20:50:31,759 [Worker-60] INFO  o.e.m.c.i.embedder.EclipseLogger - skip non existing resourceDirectory F:\Prog_Eclipse\nouveau\MavenCompteBancaire\Compte\src\main\resources
2019-11-13 20:50:31,760 [Worker-60] INFO  o.e.m.c.i.embedder.EclipseLogger - Using 'UTF-8' encoding to copy filtered resources.
2019-11-13 20:50:31,761 [Worker-60] INFO  o.e.m.c.i.embedder.EclipseLogger - skip non existing resourceDirectory F:\Prog_Eclipse\nouveau\MavenCompteBancaire\Compte\src\test\resources
2019-11-13 20:58:04,388 [Worker-57] INFO  o.e.m.c.i.l.LifecycleMappingFactory - Using org.eclipse.m2e.jdt.JarLifecycleMapping lifecycle mapping for MavenProject: fr.uvsq.OnlySoft:Compte:0.0.1-SNAPSHOT @ F:\Prog_Eclipse\nouveau\MavenCompteBancaire\Compte\pom.xml.
2019-11-13 20:58:04,650 [Worker-57] INFO  o.e.m.c.i.embedder.EclipseLogger - Using 'UTF-8' encoding to copy filtered resources.
2019-11-13 20:58:04,650 [Worker-57] INFO  o.e.m.c.i.embedder.EclipseLogger - skip non existing resourceDirectory F:\Prog_Eclipse\nouveau\MavenCompteBancaire\Compte\src\main\resources
2019-11-13 20:58:04,652 [Worker-57] INFO  o.e.m.c.i.embedder.EclipseLogger - Using 'UTF-8' encoding to copy filtered resources.
2019-11-13 20:58:04,652 [Worker-57] INFO  o.e.m.c.i.embedder.EclipseLogger - skip non existing resourceDirectory F:\Prog_Eclipse\nouveau\MavenCompteBancaire\Compte\src\test\resources
2019-11-13 21:00:13,455 [Worker-57] INFO  o.e.m.c.i.l.LifecycleMappingFactory - Using org.eclipse.m2e.jdt.JarLifecycleMapping lifecycle mapping for MavenProject: fr.uvsq.OnlySoft:Compte:0.0.1-SNAPSHOT @ F:\Prog_Eclipse\nouveau\MavenCompteBancaire\Compte\pom.xml.
2019-11-13 21:00:13,632 [Worker-57] INFO  o.e.m.c.i.embedder.EclipseLogger - Using 'UTF-8' encoding to copy filtered resources.
2019-11-13 21:00:13,632 [Worker-57] INFO  o.e.m.c.i.embedder.EclipseLogger - skip non existing resourceDirectory F:\Prog_Eclipse\nouveau\MavenCompteBancaire\Compte\src\main\resources
2019-11-13 21:00:13,634 [Worker-57] INFO  o.e.m.c.i.embedder.EclipseLogger - Using 'UTF-8' encoding to copy filtered resources.
2019-11-13 21:00:13,635 [Worker-57] INFO  o.e.m.c.i.embedder.EclipseLogger - skip non existing resourceDirectory F:\Prog_Eclipse\nouveau\MavenCompteBancaire\Compte\src\test\resources
2019-11-13 21:00:44,985 [Worker-69] INFO  o.e.m.c.i.l.LifecycleMappingFactory - Using org.eclipse.m2e.jdt.JarLifecycleMapping lifecycle mapping for MavenProject: fr.uvsq.OnlySoft:Compte:0.0.1-SNAPSHOT @ F:\Prog_Eclipse\nouveau\MavenCompteBancaire\Compte\pom.xml.
2019-11-13 21:00:45,181 [Worker-69] INFO  o.e.m.c.i.embedder.EclipseLogger - Using 'UTF-8' encoding to copy filtered resources.
2019-11-13 21:00:45,182 [Worker-69] INFO  o.e.m.c.i.embedder.EclipseLogger - skip non existing resourceDirectory F:\Prog_Eclipse\nouveau\MavenCompteBancaire\Compte\src\main\resources
2019-11-13 21:00:45,184 [Worker-69] INFO  o.e.m.c.i.embedder.EclipseLogger - Using 'UTF-8' encoding to copy filtered resources.
2019-11-13 21:00:45,185 [Worker-69] INFO  o.e.m.c.i.embedder.EclipseLogger - skip non existing resourceDirectory F:\Prog_Eclipse\nouveau\MavenCompteBancaire\Compte\src\test\resources
2019-11-13 21:04:09,988 [Worker-73] INFO  o.e.m.c.i.l.LifecycleMappingFactory - Using org.eclipse.m2e.jdt.JarLifecycleMapping lifecycle mapping for MavenProject: fr.uvsq.OnlySoft:Compte:0.0.1-SNAPSHOT @ F:\Prog_Eclipse\nouveau\MavenCompteBancaire\Compte\pom.xml.
2019-11-13 21:04:10,182 [Worker-73] INFO  o.e.m.c.i.embedder.EclipseLogger - Using 'UTF-8' encoding to copy filtered resources.
2019-11-13 21:04:10,182 [Worker-73] INFO  o.e.m.c.i.embedder.EclipseLogger - skip non existing resourceDirectory F:\Prog_Eclipse\nouveau\MavenCompteBancaire\Compte\src\main\resources
2019-11-13 21:04:10,184 [Worker-73] INFO  o.e.m.c.i.embedder.EclipseLogger - Using 'UTF-8' encoding to copy filtered resources.
2019-11-13 21:04:10,184 [Worker-73] INFO  o.e.m.c.i.embedder.EclipseLogger - skip non existing resourceDirectory F:\Prog_Eclipse\nouveau\MavenCompteBancaire\Compte\src\test\resources
2019-11-13 21:04:43,963 [Worker-72] INFO  o.e.m.c.i.l.LifecycleMappingFactory - Using org.eclipse.m2e.jdt.JarLifecycleMapping lifecycle mapping for MavenProject: fr.uvsq.OnlySoft:Compte:0.0.1-SNAPSHOT @ F:\Prog_Eclipse\nouveau\MavenCompteBancaire\Compte\pom.xml.
2019-11-13 21:04:44,161 [Worker-72] INFO  o.e.m.c.i.embedder.EclipseLogger - Using 'UTF-8' encoding to copy filtered resources.
2019-11-13 21:04:44,162 [Worker-72] INFO  o.e.m.c.i.embedder.EclipseLogger - skip non existing resourceDirectory F:\Prog_Eclipse\nouveau\MavenCompteBancaire\Compte\src\main\resources
2019-11-13 21:04:44,164 [Worker-72] INFO  o.e.m.c.i.embedder.EclipseLogger - Using 'UTF-8' encoding to copy filtered resources.
2019-11-13 21:04:44,164 [Worker-72] INFO  o.e.m.c.i.embedder.EclipseLogger - skip non existing resourceDirectory F:\Prog_Eclipse\nouveau\MavenCompteBancaire\Compte\src\test\resources
2019-11-13 21:08:13,737 [Worker-75] INFO  o.e.m.c.i.l.LifecycleMappingFactory - Using org.eclipse.m2e.jdt.JarLifecycleMapping lifecycle mapping for MavenProject: fr.uvsq.OnlySoft:Compte:0.0.1-SNAPSHOT @ F:\Prog_Eclipse\nouveau\MavenCompteBancaire\Compte\pom.xml.
2019-11-13 21:08:13,896 [Worker-75] INFO  o.e.m.c.i.embedder.EclipseLogger - Using 'UTF-8' encoding to copy filtered resources.
2019-11-13 21:08:13,896 [Worker-75] INFO  o.e.m.c.i.embedder.EclipseLogger - skip non existing resourceDirectory F:\Prog_Eclipse\nouveau\MavenCompteBancaire\Compte\src\main\resources
2019-11-13 21:08:13,898 [Worker-75] INFO  o.e.m.c.i.embedder.EclipseLogger - Using 'UTF-8' encoding to copy filtered resources.
2019-11-13 21:08:13,898 [Worker-75] INFO  o.e.m.c.i.embedder.EclipseLogger - skip non existing resourceDirectory F:\Prog_Eclipse\nouveau\MavenCompteBancaire\Compte\src\test\resources
2019-11-13 21:08:37,878 [Worker-75] INFO  o.e.m.c.i.l.LifecycleMappingFactory - Using org.eclipse.m2e.jdt.JarLifecycleMapping lifecycle mapping for MavenProject: fr.uvsq.OnlySoft:Compte:0.0.1-SNAPSHOT @ F:\Prog_Eclipse\nouveau\MavenCompteBancaire\Compte\pom.xml.
2019-11-13 21:08:38,021 [Worker-75] INFO  o.e.m.c.i.embedder.EclipseLogger - Using 'UTF-8' encoding to copy filtered resources.
2019-11-13 21:08:38,021 [Worker-75] INFO  o.e.m.c.i.embedder.EclipseLogger - skip non existing resourceDirectory F:\Prog_Eclipse\nouveau\MavenCompteBancaire\Compte\src\main\resources
2019-11-13 21:08:38,022 [Worker-75] INFO  o.e.m.c.i.embedder.EclipseLogger - Using 'UTF-8' encoding to copy filtered resources.
2019-11-13 21:08:38,023 [Worker-75] INFO  o.e.m.c.i.embedder.EclipseLogger - skip non existing resourceDirectory F:\Prog_Eclipse\nouveau\MavenCompteBancaire\Compte\src\test\resources
2019-11-13 21:13:57,148 [Worker-80] INFO  o.e.m.c.i.l.LifecycleMappingFactory - Using org.eclipse.m2e.jdt.JarLifecycleMapping lifecycle mapping for MavenProject: fr.uvsq.OnlySoft:Compte:0.0.1-SNAPSHOT @ F:\Prog_Eclipse\nouveau\MavenCompteBancaire\Compte\pom.xml.
2019-11-13 21:13:57,286 [Worker-80] INFO  o.e.m.c.i.embedder.EclipseLogger - Using 'UTF-8' encoding to copy filtered resources.
2019-11-13 21:13:57,286 [Worker-80] INFO  o.e.m.c.i.embedder.EclipseLogger - skip non existing resourceDirectory F:\Prog_Eclipse\nouveau\MavenCompteBancaire\Compte\src\main\resources
2019-11-13 21:13:57,287 [Worker-80] INFO  o.e.m.c.i.embedder.EclipseLogger - Using 'UTF-8' encoding to copy filtered resources.
2019-11-13 21:13:57,287 [Worker-80] INFO  o.e.m.c.i.embedder.EclipseLogger - skip non existing resourceDirectory F:\Prog_Eclipse\nouveau\MavenCompteBancaire\Compte\src\test\resources
2019-11-13 21:18:35,549 [Worker-81] INFO  o.e.m.c.i.l.LifecycleMappingFactory - Using org.eclipse.m2e.jdt.JarLifecycleMapping lifecycle mapping for MavenProject: fr.uvsq.OnlySoft:Compte:0.0.1-SNAPSHOT @ F:\Prog_Eclipse\nouveau\MavenCompteBancaire\Compte\pom.xml.
2019-11-13 21:18:35,734 [Worker-81] INFO  o.e.m.c.i.embedder.EclipseLogger - Using 'UTF-8' encoding to copy filtered resources.
2019-11-13 21:18:35,734 [Worker-81] INFO  o.e.m.c.i.embedder.EclipseLogger - skip non existing resourceDirectory F:\Prog_Eclipse\nouveau\MavenCompteBancaire\Compte\src\main\resources
2019-11-13 21:18:35,736 [Worker-81] INFO  o.e.m.c.i.embedder.EclipseLogger - Using 'UTF-8' encoding to copy filtered resources.
2019-11-13 21:18:35,736 [Worker-81] INFO  o.e.m.c.i.embedder.EclipseLogger - skip non existing resourceDirectory F:\Prog_Eclipse\nouveau\MavenCompteBancaire\Compte\src\test\resources
2019-11-13 21:19:07,275 [Worker-79] INFO  o.e.m.c.i.l.LifecycleMappingFactory - Using org.eclipse.m2e.jdt.JarLifecycleMapping lifecycle mapping for MavenProject: fr.uvsq.OnlySoft:Compte:0.0.1-SNAPSHOT @ F:\Prog_Eclipse\nouveau\MavenCompteBancaire\Compte\pom.xml.
2019-11-13 21:19:07,430 [Worker-79] INFO  o.e.m.c.i.embedder.EclipseLogger - Using 'UTF-8' encoding to copy filtered resources.
2019-11-13 21:19:07,430 [Worker-79] INFO  o.e.m.c.i.embedder.EclipseLogger - skip non existing resourceDirectory F:\Prog_Eclipse\nouveau\MavenCompteBancaire\Compte\src\main\resources
2019-11-13 21:19:07,432 [Worker-79] INFO  o.e.m.c.i.embedder.EclipseLogger - Using 'UTF-8' encoding to copy filtered resources.
2019-11-13 21:19:07,432 [Worker-79] INFO  o.e.m.c.i.embedder.EclipseLogger - skip non existing resourceDirectory F:\Prog_Eclipse\nouveau\MavenCompteBancaire\Compte\src\test\resources
2019-11-13 21:19:13,621 [Worker-81] INFO  o.e.m.c.i.l.LifecycleMappingFactory - Using org.eclipse.m2e.jdt.JarLifecycleMapping lifecycle mapping for MavenProject: fr.uvsq.OnlySoft:Compte:0.0.1-SNAPSHOT @ F:\Prog_Eclipse\nouveau\MavenCompteBancaire\Compte\pom.xml.
2019-11-13 21:19:13,797 [Worker-81] INFO  o.e.m.c.i.embedder.EclipseLogger - Using 'UTF-8' encoding to copy filtered resources.
2019-11-13 21:19:13,797 [Worker-81] INFO  o.e.m.c.i.embedder.EclipseLogger - skip non existing resourceDirectory F:\Prog_Eclipse\nouveau\MavenCompteBancaire\Compte\src\main\resources
2019-11-13 21:19:13,799 [Worker-81] INFO  o.e.m.c.i.embedder.EclipseLogger - Using 'UTF-8' encoding to copy filtered resources.
2019-11-13 21:19:13,799 [Worker-81] INFO  o.e.m.c.i.embedder.EclipseLogger - skip non existing resourceDirectory F:\Prog_Eclipse\nouveau\MavenCompteBancaire\Compte\src\test\resources
2019-11-13 21:54:02,889 [Worker-92] INFO  o.e.m.c.i.l.LifecycleMappingFactory - Using org.eclipse.m2e.jdt.JarLifecycleMapping lifecycle mapping for MavenProject: fr.uvsq.OnlySoft:Compte:0.0.1-SNAPSHOT @ F:\Prog_Eclipse\nouveau\MavenCompteBancaire\Compte\pom.xml.
2019-11-13 21:54:03,210 [Worker-92] INFO  o.e.m.c.i.embedder.EclipseLogger - Using 'UTF-8' encoding to copy filtered resources.
2019-11-13 21:54:03,211 [Worker-92] INFO  o.e.m.c.i.embedder.EclipseLogger - skip non existing resourceDirectory F:\Prog_Eclipse\nouveau\MavenCompteBancaire\Compte\src\main\resources
2019-11-13 21:54:03,212 [Worker-92] INFO  o.e.m.c.i.embedder.EclipseLogger - Using 'UTF-8' encoding to copy filtered resources.
2019-11-13 21:54:03,212 [Worker-92] INFO  o.e.m.c.i.embedder.EclipseLogger - skip non existing resourceDirectory F:\Prog_Eclipse\nouveau\MavenCompteBancaire\Compte\src\test\resources
2019-11-13 23:16:41,971 [Worker-129] INFO  o.e.m.c.i.l.LifecycleMappingFactory - Using org.eclipse.m2e.jdt.JarLifecycleMapping lifecycle mapping for MavenProject: fr.uvsq.OnlySoft:Compte:0.0.1-SNAPSHOT @ F:\Prog_Eclipse\nouveau\MavenCompteBancaire\Compte\pom.xml.
2019-11-13 23:16:42,922 [Worker-129] INFO  o.e.m.c.i.embedder.EclipseLogger - Using 'UTF-8' encoding to copy filtered resources.
2019-11-13 23:16:42,922 [Worker-129] INFO  o.e.m.c.i.embedder.EclipseLogger - skip non existing resourceDirectory F:\Prog_Eclipse\nouveau\MavenCompteBancaire\Compte\src\main\resources
2019-11-13 23:16:42,923 [Worker-129] INFO  o.e.m.c.i.embedder.EclipseLogger - Using 'UTF-8' encoding to copy filtered resources.
2019-11-13 23:16:42,924 [Worker-129] INFO  o.e.m.c.i.embedder.EclipseLogger - skip non existing resourceDirectory F:\Prog_Eclipse\nouveau\MavenCompteBancaire\Compte\src\test\resources
2019-11-13 23:16:44,344 [Worker-129] INFO  o.e.m.c.i.embedder.EclipseLogger - Using 'UTF-8' encoding to copy filtered resources.
2019-11-13 23:16:44,345 [Worker-129] INFO  o.e.m.c.i.embedder.EclipseLogger - skip non existing resourceDirectory F:\Prog_Eclipse\nouveau\MavenCompteBancaire\Compte\src\main\resources
2019-11-13 23:16:44,347 [Worker-129] INFO  o.e.m.c.i.embedder.EclipseLogger - Using 'UTF-8' encoding to copy filtered resources.
2019-11-13 23:16:44,347 [Worker-129] INFO  o.e.m.c.i.embedder.EclipseLogger - skip non existing resourceDirectory F:\Prog_Eclipse\nouveau\MavenCompteBancaire\Compte\src\test\resources
